-------------------------------------------------------------------------------
Test set: com.orest.app.AppTest
-------------------------------------------------------------------------------
Tests run: 2, Failures: 1, Errors: 0, Skipped: 0, Time elapsed: 0.054 s <<< FAILURE! - in com.orest.app.AppTest
testWillAlwaysFail(com.orest.app.AppTest)  Time elapsed: 0.01 s  <<< FAILURE!
java.lang.AssertionError: An error message
	at com.orest.app.AppTest.testWillAlwaysFail(AppTest.java:15)

